2023-06-24 10:26:12,559 [INFO] UtilMem:75 - End SaveConfig() Used Memory: 274476000 Bytes (527433728)
2023-06-24 10:26:14,999 [INFO] UtilMem:75 - End SaveConfig() Used Memory: 294318968 Bytes (527433728)
2023-06-24 10:26:17,863 [INFO] UtilMem:75 - End SaveConfig() Used Memory: 356321968 Bytes (527433728)
2023-06-24 10:26:18,531 [INFO] BlockDiagram:2759 - set Specific Code input for plugin: NVIC
2023-06-24 10:26:18,531 [INFO] BlockDiagram:2759 - set Specific Code input for plugin: USART
2023-06-24 10:26:18,532 [INFO] BlockDiagram:2759 - set Specific Code input for plugin: TIM1_8F1
2023-06-24 10:26:18,532 [INFO] BlockDiagram:2759 - set Specific Code input for plugin: TIM1_8F1
2023-06-24 10:26:18,532 [INFO] BlockDiagram:2759 - set Specific Code input for plugin: SYS
2023-06-24 10:26:18,532 [INFO] BlockDiagram:2759 - set Specific Code input for plugin: GPIO
2023-06-24 10:26:18,532 [INFO] BlockDiagram:2759 - set Specific Code input for plugin: RCC
2023-06-24 10:26:18,534 [INFO] CodeGenerator:793 - code generatio: config db path: C:\ST\STM32CubeIDE_1.12.1\STM32CubeIDE\plugins\com.st.stm32cube.common.mx_6.8.1.202304191431\\db\
2023-06-24 10:26:18,952 [INFO] CodeEngine:255 - oldGeneratedFile, C:\Users\luisrlp\Desktop\modular\exoesqueleto-mano\programacion\cube-ide\exo-esqueleto\MXTmpFiles\license.tmp_save
2023-06-24 10:26:19,618 [INFO] CodeEngine:279 - Generated code: C:\Users\luisrlp\Desktop\modular\exoesqueleto-mano\programacion\cube-ide\exo-esqueleto\MXTmpFiles\license.tmp
2023-06-24 10:26:19,804 [INFO] CodeEngine:255 - oldGeneratedFile, C:\Users\luisrlp\Desktop\modular\exoesqueleto-mano\programacion\cube-ide\exo-esqueleto\Core\Src\gpio.c_save
2023-06-24 10:26:19,985 [INFO] CodeEngine:279 - Generated code: C:\Users\luisrlp\Desktop\modular\exoesqueleto-mano\programacion\cube-ide\exo-esqueleto\Core\Src\gpio.c
2023-06-24 10:26:20,006 [INFO] CodeEngine:255 - oldGeneratedFile, C:\Users\luisrlp\Desktop\modular\exoesqueleto-mano\programacion\cube-ide\exo-esqueleto\Core\Inc\gpio.h_save
2023-06-24 10:26:20,169 [INFO] CodeEngine:279 - Generated code: C:\Users\luisrlp\Desktop\modular\exoesqueleto-mano\programacion\cube-ide\exo-esqueleto\Core\Inc\gpio.h
2023-06-24 10:26:20,396 [INFO] CodeEngine:255 - oldGeneratedFile, C:\Users\luisrlp\Desktop\modular\exoesqueleto-mano\programacion\cube-ide\exo-esqueleto\Core\Src\tim.c_save
2023-06-24 10:26:20,621 [INFO] CodeEngine:279 - Generated code: C:\Users\luisrlp\Desktop\modular\exoesqueleto-mano\programacion\cube-ide\exo-esqueleto\Core\Src\tim.c
2023-06-24 10:26:20,639 [INFO] CodeEngine:255 - oldGeneratedFile, C:\Users\luisrlp\Desktop\modular\exoesqueleto-mano\programacion\cube-ide\exo-esqueleto\Core\Inc\tim.h_save
2023-06-24 10:26:20,753 [INFO] CodeEngine:279 - Generated code: C:\Users\luisrlp\Desktop\modular\exoesqueleto-mano\programacion\cube-ide\exo-esqueleto\Core\Inc\tim.h
2023-06-24 10:26:20,780 [INFO] CodeEngine:255 - oldGeneratedFile, C:\Users\luisrlp\Desktop\modular\exoesqueleto-mano\programacion\cube-ide\exo-esqueleto\Core\Src\usart.c_save
2023-06-24 10:26:20,906 [INFO] CodeEngine:279 - Generated code: C:\Users\luisrlp\Desktop\modular\exoesqueleto-mano\programacion\cube-ide\exo-esqueleto\Core\Src\usart.c
2023-06-24 10:26:20,913 [INFO] CodeEngine:255 - oldGeneratedFile, C:\Users\luisrlp\Desktop\modular\exoesqueleto-mano\programacion\cube-ide\exo-esqueleto\Core\Inc\usart.h_save
2023-06-24 10:26:21,007 [INFO] CodeEngine:279 - Generated code: C:\Users\luisrlp\Desktop\modular\exoesqueleto-mano\programacion\cube-ide\exo-esqueleto\Core\Inc\usart.h
2023-06-24 10:26:21,050 [INFO] CodeEngine:255 - oldGeneratedFile, C:\Users\luisrlp\Desktop\modular\exoesqueleto-mano\programacion\cube-ide\exo-esqueleto\Core\Src\stm32f1xx_it.c_save
2023-06-24 10:26:21,180 [INFO] CodeEngine:279 - Generated code: C:\Users\luisrlp\Desktop\modular\exoesqueleto-mano\programacion\cube-ide\exo-esqueleto\Core\Src\stm32f1xx_it.c
2023-06-24 10:26:21,195 [INFO] CodeEngine:255 - oldGeneratedFile, C:\Users\luisrlp\Desktop\modular\exoesqueleto-mano\programacion\cube-ide\exo-esqueleto\Core\Inc\stm32f1xx_it.h_save
2023-06-24 10:26:21,287 [INFO] CodeEngine:279 - Generated code: C:\Users\luisrlp\Desktop\modular\exoesqueleto-mano\programacion\cube-ide\exo-esqueleto\Core\Inc\stm32f1xx_it.h
2023-06-24 10:26:21,325 [INFO] CodeEngine:255 - oldGeneratedFile, C:\Users\luisrlp\Desktop\modular\exoesqueleto-mano\programacion\cube-ide\exo-esqueleto\Core\Src\stm32f1xx_hal_msp.c_save
2023-06-24 10:26:21,444 [INFO] CodeEngine:279 - Generated code: C:\Users\luisrlp\Desktop\modular\exoesqueleto-mano\programacion\cube-ide\exo-esqueleto\Core\Src\stm32f1xx_hal_msp.c
2023-06-24 10:26:21,457 [INFO] CodeEngine:255 - oldGeneratedFile, C:\Users\luisrlp\Desktop\modular\exoesqueleto-mano\programacion\cube-ide\exo-esqueleto\MXTmpFiles\system.tmp_save
2023-06-24 10:26:21,519 [INFO] CodeEngine:279 - Generated code: C:\Users\luisrlp\Desktop\modular\exoesqueleto-mano\programacion\cube-ide\exo-esqueleto\MXTmpFiles\system.tmp
2023-06-24 10:26:21,546 [INFO] CodeEngine:311 - oldGeneratedFile, C:\Users\luisrlp\Desktop\modular\exoesqueleto-mano\programacion\cube-ide\exo-esqueleto\Core\Inc\stm32f1xx_hal_conf.h_save
2023-06-24 10:26:21,661 [INFO] CodeEngine:335 - Generated code: C:\Users\luisrlp\Desktop\modular\exoesqueleto-mano\programacion\cube-ide\exo-esqueleto\Core\Inc\stm32f1xx_hal_conf.h
2023-06-24 10:26:21,727 [INFO] CodeEngine:255 - oldGeneratedFile, C:\Users\luisrlp\Desktop\modular\exoesqueleto-mano\programacion\cube-ide\exo-esqueleto\Core\Inc\main.h_save
2023-06-24 10:26:21,849 [INFO] CodeEngine:279 - Generated code: C:\Users\luisrlp\Desktop\modular\exoesqueleto-mano\programacion\cube-ide\exo-esqueleto\Core\Inc\main.h
2023-06-24 10:26:21,874 [INFO] CodeEngine:255 - oldGeneratedFile, C:\Users\luisrlp\Desktop\modular\exoesqueleto-mano\programacion\cube-ide\exo-esqueleto\Core\Src\main.c_save
2023-06-24 10:26:22,025 [INFO] CodeEngine:279 - Generated code: C:\Users\luisrlp\Desktop\modular\exoesqueleto-mano\programacion\cube-ide\exo-esqueleto\Core\Src\main.c
2023-06-24 10:26:22,917 [INFO] ProjectBuilder:2996 - Time for Copy HAL[1] : 230mS.
2023-06-24 10:26:22,932 [INFO] ProjectBuilder:4304 - Project Generator version: 3.19.2
2023-06-24 10:26:23,289 [INFO] ConfigFileManager:1483 - The Die is : DIE410
2023-06-24 10:26:23,308 [INFO] ApiDbMcu:507 - Load IP Config File for FATFS
2023-06-24 10:26:23,320 [INFO] ApiDbMcu:507 - Load IP Config File for FREERTOS
2023-06-24 10:26:23,335 [INFO] ApiDbMcu:507 - Load IP Config File for USB_DEVICE
