2023-06-21 21:33:24,043 [INFO] Activator:176 - 


2023-06-21 21:33:24,043 [INFO] Activator:177 - !SESSION log4j initialized
2023-06-21 21:33:27,055 [INFO] LogOutputStream:77 - [STDOUT_REDIRECT] 
2023-06-21 21:33:49,213 [ERROR] LogOutputStream:75 - [STDERR_REDIRECT] SLF4J: Failed to load class "org.slf4j.impl.StaticLoggerBinder".
2023-06-21 21:33:49,213 [ERROR] LogOutputStream:75 - [STDERR_REDIRECT] SLF4J: Defaulting to no-operation (NOP) logger implementation
2023-06-21 21:33:49,213 [ERROR] LogOutputStream:75 - [STDERR_REDIRECT] SLF4J: See http://www.slf4j.org/codes.html#StaticLoggerBinder for further details.
2023-06-21 21:37:15,035 [INFO] Activator:176 - 


2023-06-21 21:37:15,035 [INFO] Activator:177 - !SESSION log4j initialized
2023-06-21 21:37:18,201 [INFO] LogOutputStream:77 - [STDOUT_REDIRECT] 
2023-06-21 21:37:39,955 [ERROR] LogOutputStream:75 - [STDERR_REDIRECT] SLF4J: Failed to load class "org.slf4j.impl.StaticLoggerBinder".
2023-06-21 21:37:39,955 [ERROR] LogOutputStream:75 - [STDERR_REDIRECT] SLF4J: Defaulting to no-operation (NOP) logger implementation
2023-06-21 21:37:39,971 [ERROR] LogOutputStream:75 - [STDERR_REDIRECT] SLF4J: See http://www.slf4j.org/codes.html#StaticLoggerBinder for further details.
2023-06-21 21:44:17,785 [INFO] Activator:176 - 


2023-06-21 21:44:17,785 [INFO] Activator:177 - !SESSION log4j initialized
2023-06-21 21:44:22,426 [INFO] LogOutputStream:77 - [STDOUT_REDIRECT] 
2023-06-21 21:45:21,926 [INFO] Activator:176 - 


2023-06-21 21:45:21,926 [INFO] Activator:177 - !SESSION log4j initialized
2023-06-21 21:45:26,740 [INFO] LogOutputStream:77 - [STDOUT_REDIRECT] 
2023-06-21 21:45:48,528 [ERROR] LogOutputStream:75 - [STDERR_REDIRECT] SLF4J: Failed to load class "org.slf4j.impl.StaticLoggerBinder".
2023-06-21 21:45:48,528 [ERROR] LogOutputStream:75 - [STDERR_REDIRECT] SLF4J: Defaulting to no-operation (NOP) logger implementation
2023-06-21 21:45:48,528 [ERROR] LogOutputStream:75 - [STDERR_REDIRECT] SLF4J: See http://www.slf4j.org/codes.html#StaticLoggerBinder for further details.
